<?xml version="1.0" encoding="UTF-8"?>
<testsuite name="TP2.SymbolTableTest" tests="4" skipped="0" failures="0" errors="0" timestamp="2020-10-19T18:01:52" hostname="PC-THOMAS-GAME" time="0.016">
  <properties/>
  <testcase name="testLookupEmpty" classname="TP2.SymbolTableTest" time="0.004"/>
  <testcase name="testEquals" classname="TP2.SymbolTableTest" time="0.008"/>
  <testcase name="testParent" classname="TP2.SymbolTableTest" time="0.001"/>
  <testcase name="testSimple" classname="TP2.SymbolTableTest" time="0.0"/>
  <system-out><![CDATA[]]></system-out>
  <system-err><![CDATA[]]></system-err>
</testsuite>
